2014-09-17 14:15:39,552 - failed - ERROR - check len(file_content)_is_0 new_md5=0 log_md5=b2aa54dec255d6c2d0336595847d8652 line=(6795d6bf49b1fd2de739c /nfs_pics_filer28/n_pic/324/022/6795d6bf49b1fd2de739c.jpg 1 succed b2aa54dec255d6c2d0336595847d8652 393818)
2014-09-17 14:15:39,583 - failed - ERROR - check len(file_content)_is_0 new_md5=0 log_md5=3ecd31d4bbfafb8a077fb95664511b77 line=(6a245bafn9875a9753424 /nfs_pics_filer28/n_pic/559/217/6a245bafn9875a9753424.jpg 1 succed 3ecd31d4bbfafb8a077fb95664511b77 273839)
2014-09-17 14:15:39,747 - failed - ERROR - check len(file_content)_is_0 new_md5=0 log_md5=03b723c340b371f0e46d8256addd8cd9 line=(48b979a749b29ccb4e06c /nfs_pics_filer28/n_pic/756/952/48b979a749b29ccb4e06c.jpg 1 succed 03b723c340b371f0e46d8256addd8cd9 29251)
2014-09-17 14:15:39,779 - failed - ERROR - check len(file_content)_is_0 new_md5=0 log_md5=989ac28ef60b2f0ce9d5a9923a4f2520 line=(6d1e7949n993e5696463e /nfs_pics_filer28/n_pic/032/154/6d1e7949n993e5696463e.jpg 1 succed 989ac28ef60b2f0ce9d5a9923a4f2520 124403)
2014-09-17 14:15:39,876 - failed - ERROR - check len(file_content)_is_0 new_md5=0 log_md5=bed3e0fc04b5176d17b06d902c6f9e84 line=(747644b949b9a2d09f82e /nfs_pics_filer28/n_pic/022/492/747644b949b9a2d09f82e.jpg 1 succed bed3e0fc04b5176d17b06d902c6f9e84 487590)
2014-09-17 14:15:39,909 - failed - ERROR - check len(file_content)_is_0 new_md5=0 log_md5=a3ef8d1f0e5a2524a30d233c6fac0d20 line=(72dfe02c49b3d382a203a /nfs_pics_filer28/n_pic/706/692/72dfe02c49b3d382a203a.jpg 1 succed a3ef8d1f0e5a2524a30d233c6fac0d20 19521)
2014-09-17 14:15:39,978 - failed - ERROR - check len(file_content)_is_0 new_md5=0 log_md5=9a42c549e66eb971bd221e41cbd6db90 line=(6d34038549bcc573ea3c4 /nfs_pics_filer28/n_pic/360/352/6d34038549bcc573ea3c4.jpg 1 succed 9a42c549e66eb971bd221e41cbd6db90 890137)
2014-09-17 14:15:40,012 - failed - ERROR - check len(file_content)_is_0 new_md5=0 log_md5=b610be1c517441a80efdad21f7037344 line=(726d8f72075ca11a117e4 /nfs_pics_filer28/n_pic/081/807/726d8f72075ca11a117e4.jpg 1 succed b610be1c517441a80efdad21f7037344 95955)
2014-09-17 14:15:40,113 - failed - ERROR - check len(file_content)_is_0 new_md5=0 log_md5=c551c6f4b9307dc23f9c2977362aaf64 line=(6929ec20n98c7ee5d694f /nfs_pics_filer28/n_pic/045/851/6929ec20n98c7ee5d694f.jpg 1 succed c551c6f4b9307dc23f9c2977362aaf64 622747)
2014-09-17 14:15:40,208 - failed - ERROR - check len(file_content)_is_0 new_md5=0 log_md5=3ed0437af626e6240786fa43480ea567 line=(6f44ada9n75fa77c92001 /nfs_pics_filer28/n_pic/488/204/6f44ada9n75fa77c92001.jpg 1 succed 3ed0437af626e6240786fa43480ea567 41809)
2014-09-17 14:15:40,286 - failed - ERROR - check len(file_content)_is_0 new_md5=0 log_md5=691e203b86be4be90f0614bcf5bfbdb6 line=(73dd10ef49b6ca276d4d8 /nfs_pics_filer28/n_pic/947/127/73dd10ef49b6ca276d4d8.jpg 1 succed 691e203b86be4be90f0614bcf5bfbdb6 43717)
2014-09-17 14:15:40,412 - failed - ERROR - check len(file_content)_is_0 new_md5=0 log_md5=89f439969a9d4d487da08fdaaf956f21 line=(6d1e7949n993e5a5b9657 /nfs_pics_filer28/n_pic/815/014/6d1e7949n993e5a5b9657.jpg 1 succed 89f439969a9d4d487da08fdaaf956f21 142377)
2014-09-17 14:15:40,486 - failed - ERROR - check len(file_content)_is_0 new_md5=0 log_md5=60e3cd2890e7d9342b6bbad505ebe476 line=(727b631249a94e47f53a0 /nfs_pics_filer28/n_pic/873/300/727b631249a94e47f53a0.jpg 1 succed 60e3cd2890e7d9342b6bbad505ebe476 41502)
2014-09-17 14:15:40,620 - failed - ERROR - check len(file_content)_is_0 new_md5=0 log_md5=324f6652be210ef35f12ee101e09c972 line=(629c6bc9n987849718c1d /nfs_pics_filer28/n_pic/364/626/629c6bc9n987849718c1d.jpg 1 succed 324f6652be210ef35f12ee101e09c972 153855)
2014-09-17 14:15:40,654 - failed - ERROR - check len(file_content)_is_0 new_md5=0 log_md5=499d5cbf2b8ce318ed8681a1e7aded72 line=(6f44ada9n9bc8b0211bf2 /nfs_pics_filer28/n_pic/416/014/6f44ada9n9bc8b0211bf2.jpg 1 succed 499d5cbf2b8ce318ed8681a1e7aded72 91410)
2014-09-17 14:15:40,818 - failed - ERROR - check len(file_content)_is_0 new_md5=0 log_md5=c91082d960d336f5641b4b2b382cb572 line=(6f44ada9n9bc8b410262d /nfs_pics_filer28/n_pic/321/794/6f44ada9n9bc8b410262d.jpg 1 succed c91082d960d336f5641b4b2b382cb572 79029)
2014-09-17 14:15:40,852 - failed - ERROR - check len(file_content)_is_0 new_md5=0 log_md5=79ccb5d42660fe7b4759bbca6329edbf line=(652b3ebfn9a8157cbac84 /nfs_pics_filer28/n_pic/808/871/652b3ebfn9a8157cbac84.jpg 1 succed 79ccb5d42660fe7b4759bbca6329edbf 82635)
2014-09-17 14:15:41,025 - failed - ERROR - check len(file_content)_is_0 new_md5=0 log_md5=2613cb89f870a985452238acb2eb067e line=(726d8f72499e4ba1844e0 /nfs_pics_filer28/n_pic/546/660/726d8f72499e4ba1844e0.jpg 1 succed 2613cb89f870a985452238acb2eb067e 3299)
2014-09-17 14:15:41,153 - failed - ERROR - check len(file_content)_is_0 new_md5=0 log_md5=d462c826769b0d0053c36fc0a7862b35 line=(726d8f72499e4b6e490ca /nfs_pics_filer28/n_pic/703/996/726d8f72499e4b6e490ca.jpg 1 succed d462c826769b0d0053c36fc0a7862b35 83125)
2014-09-17 14:15:41,238 - failed - ERROR - check len(file_content)_is_0 new_md5=0 log_md5=7e7ab25d0791ac8047234c322918f903 line=(7270b3dcn9a44024b04e2 /nfs_pics_filer28/n_pic/767/395/7270b3dcn9a44024b04e2.jpg 0 succed 7e7ab25d0791ac8047234c322918f903 142553)
2014-09-17 14:15:41,352 - failed - ERROR - check len(file_content)_is_0 new_md5=0 log_md5=757f6a279715880d05c09595577f28f1 line=(6f44ada9n9bc8b7167715 /nfs_pics_filer28/n_pic/660/708/6f44ada9n9bc8b7167715.jpg 1 succed 757f6a279715880d05c09595577f28f1 65891)
2014-09-17 14:15:41,441 - failed - ERROR - check len(file_content)_is_0 new_md5=0 log_md5=812edb490dc1a55c183f2e2658f5f8e3 line=(4a56da3449cd52272c310 /nfs_pics_filer28/n_pic/957/891/4a56da3449cd52272c310.jpg 1 succed 812edb490dc1a55c183f2e2658f5f8e3 210782)
2014-09-17 14:15:41,555 - failed - ERROR - check len(file_content)_is_0 new_md5=0 log_md5=e8e3658af81406198e7959cddcb8df2d line=(752d7f8849d5502658ad0 /nfs_pics_filer28/n_pic/678/136/752d7f8849d5502658ad0.jpg 1 succed e8e3658af81406198e7959cddcb8df2d 20915)
2014-09-17 14:15:41,664 - failed - ERROR - check len(file_content)_is_0 new_md5=0 log_md5=ac7edf6ed0f480d93b72e101f50e2ec0 line=(7287962f499d3da4f9c55 /nfs_pics_filer28/n_pic/102/404/7287962f499d3da4f9c55.jpg 1 succed ac7edf6ed0f480d93b72e101f50e2ec0 156594)
2014-09-17 14:15:41,697 - failed - ERROR - check len(file_content)_is_0 new_md5=0 log_md5=f92723d1cc3f0e43193ae5c27abe830d line=(6f44ada9n9bc8ba629d86 /nfs_pics_filer28/n_pic/185/595/6f44ada9n9bc8ba629d86.jpg 1 succed f92723d1cc3f0e43193ae5c27abe830d 86748)
2014-09-17 14:15:41,706 - failed - ERROR - check len(file_content)_is_0 new_md5=0 log_md5=938b0d2245ab4c69e643f707a45450bd line=(727b631249a94e4a3f9c3 /nfs_pics_filer28/n_pic/776/466/727b631249a94e4a3f9c3.jpg 1 succed 938b0d2245ab4c69e643f707a45450bd 242488)
2014-09-17 14:15:41,819 - failed - ERROR - check len(file_content)_is_0 new_md5=0 log_md5=294c26e16c5a70063ced51edce2e6a4f line=(762d8ae4n9df7bd215118 /nfs_pics_filer28/n_pic/809/196/762d8ae4n9df7bd215118.jpg 1 succed 294c26e16c5a70063ced51edce2e6a4f 122318)
2014-09-17 14:15:41,898 - failed - ERROR - check len(file_content)_is_0 new_md5=0 log_md5=6951384ca363ef36ec060107aa78dc60 line=(72dfe02c49b3d3837c17e /nfs_pics_filer28/n_pic/659/115/72dfe02c49b3d3837c17e.jpg 1 succed 6951384ca363ef36ec060107aa78dc60 29986)
2014-09-17 14:15:42,018 - failed - ERROR - check len(file_content)_is_0 new_md5=0 log_md5=894dc8241211aaefe29280938473a550 line=(691729624893417c7e83f /nfs_pics_filer18/n_pic/420/701/691729624893417c7e83f.jpg 1 succed 894dc8241211aaefe29280938473a550 29096)
2014-09-17 14:15:42,083 - failed - ERROR - check len(file_content)_is_0 new_md5=0 log_md5=8af86986f07175545354261ac9d888f7 line=(680aabf248978602ad8ea /nfs_pics_filer18/n_pic/054/435/680aabf248978602ad8ea.jpg 1 succed 8af86986f07175545354261ac9d888f7 40168)
2014-09-17 14:15:42,216 - failed - ERROR - check len(file_content)_is_0 new_md5=0 log_md5=467738ed2305772c16dc7a0c626169cb line=(6145ac04n89fa1cea5fc2 /nfs_pics_filer18/n_pic/146/417/6145ac04n89fa1cea5fc2.jpg 1 succed 467738ed2305772c16dc7a0c626169cb 186222)
2014-09-17 14:15:42,266 - failed - ERROR - check len(file_content)_is_0 new_md5=0 log_md5=5f4773d296f1793d7f8741ac357b2fae line=(51f92ac8h8a757f4156eb /nfs_pics_filer18/n_pic/146/120/51f92ac8h8a757f4156eb.jpg 1 succed 5f4773d296f1793d7f8741ac357b2fae 91554)
2014-09-17 14:15:42,383 - failed - ERROR - check len(file_content)_is_0 new_md5=0 log_md5=89633a1440f9e9f76b8270ea7c601bbf line=(4ce68a71g894d71a82eed /nfs_pics_filer18/n_pic/254/985/4ce68a71g894d71a82eed.jpg 1 succed 89633a1440f9e9f76b8270ea7c601bbf 14336)
2014-09-17 14:15:42,407 - failed - ERROR - check len(file_content)_is_0 new_md5=0 log_md5=c277161e86c0848120b2859e771144e7 line=(539a2e6a48989e307ae25 /nfs_pics_filer18/n_pic/624/659/539a2e6a48989e307ae25.jpg 1 succed c277161e86c0848120b2859e771144e7 88810)
2014-09-17 14:15:42,575 - failed - ERROR - check len(file_content)_is_0 new_md5=0 log_md5=af36440a41883d310cc634876fc40af5 line=(6934b53eg8a86dfcc6a3e /nfs_pics_filer18/n_pic/485/999/6934b53eg8a86dfcc6a3e.jpg 1 succed af36440a41883d310cc634876fc40af5 31863)
2014-09-17 14:15:42,581 - failed - ERROR - check len(file_content)_is_0 new_md5=0 log_md5=6081a186a7b3f6709bccf5ad2e5170cf line=(687b5fc3t89760496268a /nfs_pics_filer18/n_pic/930/096/687b5fc3t89760496268a.jpg 1 succed 6081a186a7b3f6709bccf5ad2e5170cf 126747)
2014-09-17 14:15:42,608 - failed - ERROR - check len(file_content)_is_0 new_md5=0 log_md5=e7fd4743dce6e1348d5536602c9260e8 line=(693907e6x89c2023b7d68 /nfs_pics_filer18/n_pic/594/219/693907e6x89c2023b7d68.jpg 1 succed e7fd4743dce6e1348d5536602c9260e8 17373)
2014-09-17 14:15:42,717 - failed - ERROR - check len(file_content)_is_0 new_md5=0 log_md5=2a1785c6f65f295224312c6ca1636c9e line=(687e22e7t88bfebfd64cc /nfs_pics_filer18/n_pic/323/870/687e22e7t88bfebfd64cc.jpg 1 succed 2a1785c6f65f295224312c6ca1636c9e 97959)
2014-09-17 14:15:42,781 - failed - ERROR - check len(file_content)_is_0 new_md5=0 log_md5=5774e1b600d52953ccf23e5c42a4394c line=(687b5fc3t897611741477 /nfs_pics_filer18/n_pic/404/498/687b5fc3t897611741477.jpg 1 succed 5774e1b600d52953ccf23e5c42a4394c 276472)
2014-09-17 14:15:42,916 - failed - ERROR - check len(file_content)_is_0 new_md5=0 log_md5=db0f3d0ca1c9e733bb065578329303cc line=(51c4b17fx89e9e4d1ef66 /nfs_pics_filer18/n_pic/230/220/51c4b17fx89e9e4d1ef66.jpg 0 succed db0f3d0ca1c9e733bb065578329303cc 65401)
2014-09-17 14:15:42,962 - failed - ERROR - check len(file_content)_is_0 new_md5=0 log_md5=26a92c25e9f673adff74bca0eeb49b48 line=(68facdf1489d7e6085744 /nfs_pics_filer18/n_pic/346/097/68facdf1489d7e6085744.jpg 1 succed 26a92c25e9f673adff74bca0eeb49b48 81159)
2014-09-17 14:15:43,113 - failed - ERROR - check len(file_content)_is_0 new_md5=0 log_md5=3d6df8eb933271f0ecc1a3629ea73be8 line=(63076015t8a7cd2a14784 /nfs_pics_filer18/n_pic/464/421/63076015t8a7cd2a14784.jpg 1 succed 3d6df8eb933271f0ecc1a3629ea73be8 671018)
2014-09-17 14:15:43,163 - failed - ERROR - check len(file_content)_is_0 new_md5=0 log_md5=5b1964cf158ea0115a3ae77f5d419dfb line=(517c5421g8a6b3cb6423f /nfs_pics_filer18/n_pic/597/555/517c5421g8a6b3cb6423f.jpg 1 succed 5b1964cf158ea0115a3ae77f5d419dfb 58915)
2014-09-17 14:15:43,315 - failed - ERROR - check len(file_content)_is_0 new_md5=0 log_md5=af721bb34e87c60a7c62c0e1edbb7705 line=(632ed1a3g8a626c971495 /nfs_pics_filer18/n_pic/110/874/632ed1a3g8a626c971495.jpg 1 succed af721bb34e87c60a7c62c0e1edbb7705 162648)
2014-09-17 14:15:43,362 - failed - ERROR - check len(file_content)_is_0 new_md5=0 log_md5=0dd169a169395553b709ab9f72330e1b line=(59444b63t898a6b652f0a /nfs_pics_filer18/n_pic/711/852/59444b63t898a6b652f0a.jpg 1 succed 0dd169a169395553b709ab9f72330e1b 21994)
2014-09-17 14:15:43,424 - failed - ERROR - check len(file_content)_is_0 new_md5=0 log_md5=2b3538625b382c84e2bf9e6e1ec9c310 line=(4b3c27abt8930af5c3fc7 /nfs_pics_filer18/n_pic/779/712/4b3c27abt8930af5c3fc7.jpg 1 succed 2b3538625b382c84e2bf9e6e1ec9c310 73602)
2014-09-17 14:15:43,539 - failed - ERROR - check len(file_content)_is_0 new_md5=0 log_md5=ab2dcaa94b333f03d2c5794a84a8373b line=(6145ac04n89fa9b0a0416 /nfs_pics_filer18/n_pic/913/475/6145ac04n89fa9b0a0416.jpg 1 succed ab2dcaa94b333f03d2c5794a84a8373b 185772)
2014-09-17 14:15:43,561 - failed - ERROR - check len(file_content)_is_0 new_md5=0 log_md5=8b3626437d50a549ee53476ea7755d33 line=(664ccf87h8934131bb83f /nfs_pics_filer18/n_pic/625/108/664ccf87h8934131bb83f.jpg 1 succed 8b3626437d50a549ee53476ea7755d33 81125)
2014-09-17 14:15:43,736 - failed - ERROR - check len(file_content)_is_0 new_md5=0 log_md5=6d651357eee17efc8aa8483be2fc232b line=(517c5421g8a6b5db764ab /nfs_pics_filer18/n_pic/309/890/517c5421g8a6b5db764ab.jpg 1 succed 6d651357eee17efc8aa8483be2fc232b 253725)
2014-09-17 14:15:43,783 - failed - ERROR - check len(file_content)_is_0 new_md5=0 log_md5=cdca034919f50673931f405a73481e76 line=(67e3df4cg74125f5cbaf1 /nfs_pics_filer18/n_pic/807/246/67e3df4cg74125f5cbaf1.jpg 1 succed cdca034919f50673931f405a73481e76 61482)
2014-09-17 14:15:43,934 - failed - ERROR - check len(file_content)_is_0 new_md5=0 log_md5=b599ecc8b09a0f085989c10ab6c7b94c line=(67b572e3g896cb939cb63 /nfs_pics_filer18/n_pic/057/099/67b572e3g896cb939cb63.jpg 1 succed b599ecc8b09a0f085989c10ab6c7b94c 237926)
2014-09-17 14:15:43,983 - failed - ERROR - check len(file_content)_is_0 new_md5=0 log_md5=09ffe1a1d0ad130b50eb87d885c86698 line=(497d5cd4h89a95384621b /nfs_pics_filer18/n_pic/973/088/497d5cd4h89a95384621b.jpg 1 succed 09ffe1a1d0ad130b50eb87d885c86698 39657)
